make all --print-data-base --no-builtin-variables --no-builtin-rules --question
# GNU Make 3.81
# Copyright (C) 2006  Free Software Foundation, Inc.
# This is free software; see the source for copying conditions.
# There is NO warranty; not even for MERCHANTABILITY or FITNESS FOR A
# PARTICULAR PURPOSE.

# This program built for i386-apple-darwin11.3.0
 
make: *** No rule to make target `all'.  Stop.


# Make data base, printed on Tue Jun  7 21:51:59 2022

# Variables

# automatic
<D = $(patsubst %/,%,$(dir $<))
# automatic
?F = $(notdir $?)
# environment
VSCODE_LOG_NATIVE = false
# automatic
?D = $(patsubst %/,%,$(dir $?))
# automatic
@D = $(patsubst %/,%,$(dir $@))
# automatic
 
@F = $(notdir $@)
# makefile
CURDIR := /Users/mygodimatomato/Dropbox/NTHU/110-2/分散式系統/lab/NTHU-Distributed-System
# makefile
SHELL = /bin/sh
# environment
VSCODE_NLS_CONFIG = {"locale":"en","availableLanguages":{},"_languagePackSupport":true}
# environment
_ = /usr/bin/make
# makefile (from `Makefile', line 20)
define make-dc-generate-rules

.PHONY: dc.$1.generate

# to generate individual module, override the command defined in the docker-compose.yml file
dc.$1.generate:
	$(DOCKER_COMPOSE) run --rm generate make $1.generate

endef
# makefile (from `Makefile', line 1)
MAKEFILE_LIST :=  Makefile
# environment
VSCODE_AMD_ENTRYPOINT = vs/workbench/api/node/extensionHostProcess
# environment
VSCODE_VERBOSE_LOGGING = true
# environment
__CFBundleIdentifier = com.microsoft.VSCode
# environment
VSCODE_IPC_HOOK_EXTHOST = /var/folders/yk/t06qg7x97jdctr1sltpnbk_h0000gn/T/vscode-ipc-82251967-6f8e-4c8f-b96f-da7a3496637e.sock
# environment
VSCODE_CWD = /
# environment
GOPROXY = https://proxy.golang.org,direct
# makefile (from `Makefile', line 1)
PATH := /Users/mygodimatomato/Dropbox/NTHU/110-2/分散式系統/lab/NTHU-Distributed-System/bin:/Users/mygodimatomato/.amplify/bin:/Users/mygodimatomato/.pyenv/bin:/Users/mygodimatomato/opt/anaconda3/bin:/Users/mygodimatomato/opt/anaconda3/condabin:/Users/mygodimatomato/.pyenv/bin:/Library/Frameworks/Python.framework/Versions/3.8/bin:/usr/local/bin:/usr/bin:/bin:/usr/sbin:/sbin:/usr/local/share/dotnet:/opt/X11/bin:~/.dotnet/tools:/Library/Apple/usr/bin:/Library/Frameworks/Mono.framework/Versions/Current/Commands:/Applications/Postgres.app/Contents/Versions/latest/bin
# environment
LSCOLORS = Gxfxcxdxbxegedabagacad
# makefile (from `Makefile', line 97)
define make-lint-rules

$1.lint:
	golangci-lint run ./modules/$1/...

endef
# environment
GOPATH = /Users/mygodimatomato/go
# makefile (from `Makefile', line 5)
DOCKER_COMPOSE := docker compose
# environment
VSCODE_LOG_STACK = false
# environment
ELECTRON_RUN_AS_NODE = 1
# environment
PYENV_ROOT = /Users/mygodimatomato/.pyenv
# default
.FEATURES := target-specific order-only second-expansion else-if archives jobserver check-symlink
# makefile (from `Makefile', line 3)
MODULES := video comment
# environment
SSH_AUTH_SOCK = /private/tmp/com.apple.launchd.MzFj9fw0Y7/Listeners
# automatic
%F = $(notdir $%)
# environment
CONDA_EXE = /Users/mygodimatomato/opt/anaconda3/bin/conda
# environment
VSCODE_PIPE_LOGGING = true
# environment
PWD = /Users/mygodimatomato/Dropbox/NTHU/110-2/分散式系統/lab/NTHU-Distributed-System
# environment
ORIGINAL_XDG_CURRENT_DESKTOP = undefined
# environment
GOMODCACHE = /Users/mygodimatomato/go/pkg/mod
# environment
PYENV_SHELL = zsh
# environment
HOME = /Users/mygodimatomato
# makefile (from `Makefile', line 133)
define make-test-rules

$1.test:
	go test -v -race ./modules/$1/...

endef
# default
MAKEFILEPATH := /Applications/Xcode.app/Contents/Developer/Makefiles
# environment
VSCODE_CODE_CACHE_PATH = /Users/mygodimatomato/Library/Application Support/Code/CachedData/c3511e6c69bb39013c4a4b7b9566ec1ca73fc4d5
# environment
LOGNAME = mygodimatomato
# environment
APPLICATION_INSIGHTS_NO_DIAGNOSTIC_CHANNEL = 1
# environment
CONDA_PROMPT_MODIFIER = (base) 
# environment
ZSH = /Users/mygodimatomato/.oh-my-zsh
# environment
VSCODE_HANDLES_UNCAUGHT_ERRORS = true
# automatic
^D = $(patsubst %/,%,$(dir $^))
# environment
CONDA_DEFAULT_ENV = base
# environment
XPC_FLAGS = 0x0
# default
MAKE = $(MAKE_COMMAND)
# default
MAKECMDGOALS := all
# environment
SHLVL = 1
# default
MAKE_VERSION := 3.81
# environment
USER = mygodimatomato
# makefile (from `Makefile', line 39)
define make-generate-rules

$1.generate: bin/protoc-gen-go bin/protoc-gen-go-grpc bin/protoc-gen-grpc-gateway bin/protoc-gen-grpc-sarama bin/mockgen
	protoc -I . -I ./pkg/pb -I $(dir $(shell (go list -f '{{ .Dir }}' github.com/justin0u0/protoc-gen-grpc-sarama/proto))) --go_out=paths=source_relative:. --go-grpc_out=paths=source_relative:. --grpc-gateway_out=paths=source_relative:. --grpc-sarama_out=paths=source_relative:. ./modules/$1/pb/*.proto

	go generate ./modules/$1/...

endef
# makefile
.DEFAULT_GOAL := clean
# environment
LESS = -R
# automatic
%D = $(patsubst %/,%,$(dir $%))
# environment
CONDA_SHLVL = 1
# default
MAKE_COMMAND := /Applications/Xcode.app/Contents/Developer/usr/bin/make
# default
.VARIABLES := 
# environment
TMPDIR = /var/folders/yk/t06qg7x97jdctr1sltpnbk_h0000gn/T/
# automatic
*F = $(notdir $*)
# environment
VSCODE_IPC_HOOK = /Users/mygodimatomato/Library/Application Support/Code/1.67.2-main.sock
# makefile
 
MAKEFLAGS = Rrqp
# environment
MFLAGS = -Rrqp
# automatic
*D = $(patsubst %/,%,$(dir $*))
# environment
XPC_SERVICE_NAME = application.com.microsoft.VSCode.131918933.131918939
# automatic
+D = $(patsubst %/,%,$(dir $+))
# automatic
+F = $(notdir $+)
# makefile (from `Makefile', line 81)
define make-dc-lint-rules

.PHONY: dc.$1.lint
dc.$1.lint:
	$(DOCKER_COMPOSE) run --rm lint make $1.lint
endef
# environment
__CF_USER_TEXT_ENCODING = 0x1F5:0x2:0x35
# environment
COMMAND_MODE = unix2003
# default
MAKEFILES := 
# automatic
<F = $(notdir $<)
# environment
PAGER = less
# environment
LC_ALL = C
# environment
CONDA_PYTHON_EXE = /Users/mygodimatomato/opt/anaconda3/bin/python
# automatic
^F = $(notdir $^)
# default
SUFFIXES := 
# environment
_CE_M = 
# default
.INCLUDE_DIRS = /usr/local/include
# environment
MAKELEVEL := 0
# environment
CONDA_PREFIX = /Users/mygodimatomato/opt/anaconda3
# makefile (from `Makefile', line 114)
define make-dc-test-rules

.PHONY: dc.$1.test

# to test individual module, override the command defined in the docker-compose.yml file
dc.$1.test:
	$(DOCKER_COMPOSE) run --rm test make $1.test

endef
# environment
VSCODE_PID = 24141
# environment
_CE_CONDA = 
# environment
LANG = C
# variable set hash-table stats:
# Load=87/1024=8%, Rehash=0, Collisions=4/159=3%

# Pattern-specific Variable Values

# No pattern-specific variable values.

# Directories

# . (device 16777221, inode 133104636): 21 files, no impossibilities.

# 21 files, no impossibilities in 1 directories.

# Implicit Rules

# No implicit rules.

# Files

video.generate: bin/protoc-gen-go bin/protoc-gen-go-grpc bin/protoc-gen-grpc-gateway bin/protoc-gen-grpc-sarama bin/mockgen
#  Implicit rule search has not been done.
#  Modification time never checked.
#  File has not been updated.
#  commands to execute (from `Makefile', line 55):
	protoc -I . -I ./pkg/pb -I /Users/mygodimatomato/go/pkg/mod/github.com/justin0u0/protoc-gen-grpc-sarama@v0.0.1/ --go_out=paths=source_relative:. --go-grpc_out=paths=source_relative:. --grpc-gateway_out=paths=source_relative:. --grpc-sarama_out=paths=source_relative:. ./modules/video/pb/*.proto
	go generate ./modules/video/...
	

dc.pkg.lint:
#  Phony target (prerequisite of .PHONY).
#  Implicit rule search has not been done.
#  File does not exist.
#  File has not been updated.
#  commands to execute (from `Makefile', line 91):
	$(DOCKER_COMPOSE) run --rm lint make pkg.lint
	

dc.generate:
#  Phony target (prerequisite of .PHONY).
#  Implicit rule search has not been done.
#  File does not exist.
#  File has not been updated.
#  commands to execute (from `Makefile', line 37):
	$(DOCKER_COMPOSE) run --rm generate
	

# Not a target:
cmd/makefile.mk:
#  A default, MAKEFILES, or -include/sinclude makefile.
#  Implicit rule search has been done.
#  File does not exist.
#  File has been updated.
#  Failed to be updated.
# variable set hash-table stats:
# Load=0/32=0%, Rehash=0, Collisions=0/0=0%

dc.comment.lint:
#  Phony target (prerequisite of .PHONY).
#  Implicit rule search has not been done.
#  File does not exist.
#  File has not been updated.
#  commands to execute (from `Makefile', line 87):
	docker compose run --rm lint make comment.lint
	

# Not a target:
all:
#  Command-line target.
#  Implicit rule search has been done.
#  File does not exist.
#  File has not been updated.
# variable set hash-table stats:
# Load=0/32=0%, Rehash=0, Collisions=0/0=0%

.PHONY: clean dc.video.generate dc.comment.generate dc.pkg.generate dc.generate dc.video.lint dc.comment.lint dc.pkg.lint dc.lint dc.video.test dc.comment.test dc.pkg.test dc.test dc.image dc.build
#  Implicit rule search has not been done.
#  Modification time never checked.
#  File has not been updated.

comment.test:
#  Implicit rule search has not been done.
#  Modification time never checked.
#  File has not been updated.
#  commands to execute (from `Makefile', line 139):
	go test -v -race ./modules/comment/...
	

dc.build:
#  Phony target (prerequisite of .PHONY).
#  Implicit rule search has not been done.
#  File does not exist.
#  File has not been updated.
#  commands to execute (from `Makefile', line 156):
	$(DOCKER_COMPOSE) run --rm build
	

# Not a target:
tools/makefile.mk:
#  A default, MAKEFILES, or -include/sinclude makefile.
#  Implicit rule search has been done.
#  File does not exist.
#  File has been updated.
#  Failed to be updated.
# variable set hash-table stats:
# Load=0/32=0%, Rehash=0, Collisions=0/0=0%

pkg.lint:
#  Implicit rule search has not been done.
#  Modification time never checked.
#  File has not been updated.
#  commands to execute (from `Makefile', line 106):
	golangci-lint run ./pkg/...
	

dc.pkg.test:
#  Phony target (prerequisite of .PHONY).
#  Implicit rule search has not been done.
#  File does not exist.
#  File has not been updated.
#  commands to execute (from `Makefile', line 127):
	$(DOCKER_COMPOSE) run --rm test make pkg.test
	

dc.video.lint:
#  Phony target (prerequisite of .PHONY).
#  Implicit rule search has not been done.
#  File does not exist.
#  File has not been updated.
#  commands to execute (from `Makefile', line 87):
	docker compose run --rm lint make video.lint
	

# Not a target:
.SUFFIXES:
#  Implicit rule search has not been done.
#  Modification time never checked.
#  File has not been updated.

# Not a target:
Makefile:
#  Implicit rule search has been done.
#  Last modified 2022-06-07 16:39:41
#  File has been updated.
#  Successfully updated.
# variable set hash-table stats:
# Load=0/32=0%, Rehash=0, Collisions=0/0=0%

dc.comment.test:
#  Phony target (prerequisite of .PHONY).
#  Implicit rule search has not been done.
#  File does not exist.
#  File has not been updated.
#  commands to execute (from `Makefile', line 123):
	docker compose run --rm test make comment.test
	

 
test: pkg.test video.test comment.test
#  Implicit rule search has not been done.
#  Modification time never checked.
#  File has not been updated.

build:
#  Implicit rule search has not been done.
#  Modification time never checked.
#  File has not been updated.
#  commands to execute (from `Makefile', line 159):
	mkdir -p ./bin/app
	go build -o ./bin/app/cmd ./cmd/main.go
	

# Not a target:
bin/makefile.mk:
#  A default, MAKEFILES, or -include/sinclude makefile.
#  Implicit rule search has been done.
#  File does not exist.
#  File has been updated.
#  Failed to be updated.
# variable set hash-table stats:
# Load=0/32=0%, Rehash=0, Collisions=0/0=0%

# Not a target:
modules/makefile.mk:
#  A default, MAKEFILES, or -include/sinclude makefile.
#  Implicit rule search has been done.
#  File does not exist.
#  File has been updated.
#  Failed to be updated.
# variable set hash-table stats:
# Load=0/32=0%, Rehash=0, Collisions=0/0=0%

bin/protoc-gen-grpc-gateway: go.mod
#  Implicit rule search has not been done.
#  Modification time never checked.
#  File has not been updated.
#  commands to execute (from `Makefile', line 69):
	go build -o $@ github.com/grpc-ecosystem/grpc-gateway/v2/protoc-gen-grpc-gateway
	

comment.generate: bin/protoc-gen-go bin/protoc-gen-go-grpc bin/protoc-gen-grpc-gateway bin/protoc-gen-grpc-sarama bin/mockgen
#  Implicit rule search has not been done.
#  Modification time never checked.
#  File has not been updated.
#  commands to execute (from `Makefile', line 55):
	protoc -I . -I ./pkg/pb -I /Users/mygodimatomato/go/pkg/mod/github.com/justin0u0/protoc-gen-grpc-sarama@v0.0.1/ --go_out=paths=source_relative:. --go-grpc_out=paths=source_relative:. --grpc-gateway_out=paths=source_relative:. --grpc-sarama_out=paths=source_relative:. ./modules/comment/pb/*.proto
	go generate ./modules/comment/...
	

pkg.test:
#  Implicit rule search has not been done.
#  Modification time never checked.
#  File has not been updated.
#  commands to execute (from `Makefile', line 142):
	go test -v -race ./pkg/...
	

bin/protoc-gen-grpc-sarama: go.mod
#  Implicit rule search has not been done.
#  Modification time never checked.
#  File has not been updated.
#  commands to execute (from `Makefile', line 72):
	go build -o $@ github.com/justin0u0/protoc-gen-grpc-sarama
	

dc.image: dc.build
#  Phony target (prerequisite of .PHONY).
#  Implicit rule search has not been done.
#  File does not exist.
#  File has not been updated.
#  commands to execute (from `Makefile', line 152):
	$(DOCKER_COMPOSE) build --force-rm image
	

dc.pkg.generate:
#  Phony target (prerequisite of .PHONY).
#  Implicit rule search has not been done.
#  File does not exist.
#  File has not been updated.
#  commands to execute (from `Makefile', line 33):
	$(DOCKER_COMPOSE) run --rm generate make pkg.generate
	

dc.video.test:
#  Phony target (prerequisite of .PHONY).
#  Implicit rule search has not been done.
#  File does not exist.
#  File has not been updated.
#  commands to execute (from `Makefile', line 123):
	docker compose run --rm test make video.test
	

generate: pkg.generate video.generate comment.generate
#  Implicit rule search has not been done.
#  Modification time never checked.
#  File has not been updated.

dc.comment.generate:
#  Phony target (prerequisite of .PHONY).
#  Implicit rule search has not been done.
#  File does not exist.
#  File has not been updated.
#  commands to execute (from `Makefile', line 29):
	docker compose run --rm generate make comment.generate
	

# Not a target:
go.mod:
#  Implicit rule search has not been done.
#  Modification time never checked.
#  File has not been updated.

bin/mockgen: go.mod
#  Implicit rule search has not been done.
#  Modification time never checked.
#  File has not been updated.
#  commands to execute (from `Makefile', line 75):
	go build -o $@ github.com/golang/mock/mockgen
	

# Not a target:
.DEFAULT:
#  Implicit rule search has not been done.
#  Modification time never checked.
#  File has not been updated.

video.lint:
#  Implicit rule search has not been done.
#  Modification time never checked.
#  File has not been updated.
#  commands to execute (from `Makefile', line 103):
	golangci-lint run ./modules/video/...
	

dc.lint:
#  Phony target (prerequisite of .PHONY).
#  Implicit rule search has not been done.
#  File does not exist.
#  File has not been updated.
#  commands to execute (from `Makefile', line 95):
	$(DOCKER_COMPOSE) run --rm lint
	

pkg.generate: bin/protoc-gen-go bin/protoc-gen-go-grpc bin/protoc-gen-grpc-gateway bin/protoc-gen-grpc-sarama bin/mockgen
#  Implicit rule search has not been done.
#  Modification time never checked.
#  File has not been updated.
#  commands to execute (from `Makefile', line 58):
	go generate ./pkg/...
	

bin/protoc-gen-go: go.mod
#  Implicit rule search has not been done.
#  Modification time never checked.
#  File has not been updated.
#  commands to execute (from `Makefile', line 63):
	go build -o $@ google.golang.org/protobuf/cmd/protoc-gen-go
	

bin/protoc-gen-go-grpc: go.mod
#  Implicit rule search has not been done.
#  Modification time never checked.
#  File has not been updated.
#  commands to execute (from `Makefile', line 66):
	go build -o $@ google.golang.org/grpc/cmd/protoc-gen-go-grpc
	

clean:
#  Phony target (prerequisite of .PHONY).
#  Implicit rule search has not been done.
#  File does not exist.
#  File has not been updated.
#  commands to execute (from `Makefile', line 14):
	rm -rf bin/*
	

dc.video.generate:
#  Phony target (prerequisite of .PHONY).
#  Implicit rule search has not been done.
#  File does not exist.
#  File has not been updated.
 
#  commands to execute (from `Makefile', line 29):
	docker compose run --rm generate make video.generate
	

# Not a target:
pkg/makefile.mk:
#  A default, MAKEFILES, or -include/sinclude makefile.
#  Implicit rule search has been done.
#  File does not exist.
#  File has been updated.
#  Failed to be updated.
# variable set hash-table stats:
# Load=0/32=0%, Rehash=0, Collisions=0/0=0%

video.test:
#  Implicit rule search has not been done.
#  Modification time never checked.
#  File has not been updated.
#  commands to execute (from `Makefile', line 139):
	go test -v -race ./modules/video/...
	

dc.test:
#  Phony target (prerequisite of .PHONY).
#  Implicit rule search has not been done.
#  File does not exist.
#  File has not been updated.
#  commands to execute (from `Makefile', line 131):
	$(DOCKER_COMPOSE) run --rm test
	

lint: pkg.lint video.lint comment.lint
#  Implicit rule search has not been done.
#  Modification time never checked.
#  File has not been updated.

comment.lint:
#  Implicit rule search has not been done.
#  Modification time never checked.
#  File has not been updated.
#  commands to execute (from `Makefile', line 103):
	golangci-lint run ./modules/comment/...
	

# files hash-table stats:
# Load=44/1024=4%, Rehash=0, Collisions=9/120=8%
# VPATH Search Paths

# No `vpath' search paths.

# No general (`VPATH' variable) search path.

# # of strings in strcache: 6
# # of strcache buffers: 1
# strcache size: total = 4096 / max = 4096 / min = 4096 / avg = 4096
# strcache free: total = 4001 / max = 4001 / min = 4001 / avg = 4001

# Finished Make data base on Tue Jun  7 21:51:59 2022

 
